<?xml version="1.0" encoding="UTF-8"?>
<!-- Generated by org.testng.reporters.JUnitReportReporter -->
<testsuite skipped="0" hostname="K-ASHIK-L1" name="passingDataToDataProviderFromExcelSheet.ReadExcelDataProvider" tests="2" failures="0" timestamp="10 Jan 2021 08:57:21 GMT" time="5.162" errors="2">
  <testcase name="test" time="2.873" classname="passingDataToDataProviderFromExcelSheet.ReadExcelDataProvider">
    <error type="org.openqa.selenium.SessionNotCreatedException" message="session not created: This version of ChromeDriver only supports Chrome version 77
Build info: version: &#039;3.141.59&#039;, revision: &#039;e82be7d358&#039;, time: &#039;2018-11-14T08:25:48&#039;
System info: host: &#039;K-ASHIK-L1&#039;, ip: &#039;169.254.27.117&#039;, os.name: &#039;Windows 10&#039;, os.arch: &#039;amd64&#039;, os.version: &#039;10.0&#039;, java.version: &#039;1.8.0_171&#039;
Driver info: driver.version: ChromeDriver
remote stacktrace: Backtrace:
	Ordinal0 [0x009CEB13+1501971]
	Ordinal0 [0x0094F6D1+980689]
	Ordinal0 [0x008D765F+489055]
	Ordinal0 [0x0086F2F4+62196]
	Ordinal0 [0x0086BCDA+48346]
	Ordinal0 [0x00889800+169984]
	Ordinal0 [0x0088942D+169005]
	Ordinal0 [0x008878EB+162027]
	Ordinal0 [0x00870AC7+68295]
	Ordinal0 [0x00871B40+72512]
	Ordinal0 [0x00871AD9+72409]
	Ordinal0 [0x00968F37+1085239]
	GetHandleVerifier [0x00A6D7ED+503293]
	GetHandleVerifier [0x00A6D580+502672]
	GetHandleVerifier [0x00A746AC+531644]
	GetHandleVerifier [0x00A6DFFA+505354]
	Ordinal0 [0x00960606+1050118]
	Ordinal0 [0x0096047F+1049727]
	Ordinal0 [0x0096AF9B+1093531]
	Ordinal0 [0x0096B103+1093891]
	Ordinal0 [0x0096A095+1089685]
	BaseThreadInitThunk [0x76ADFA29+25]
	RtlGetAppContainerNamedObjectPath [0x774875F4+228]
	RtlGetAppContainerNamedObjectPath [0x774875C4+180]
">
      <![CDATA[org.openqa.selenium.SessionNotCreatedException: session not created: This version of ChromeDriver only supports Chrome version 77
Build info: version: '3.141.59', revision: 'e82be7d358', time: '2018-11-14T08:25:48'
System info: host: 'K-ASHIK-L1', ip: '169.254.27.117', os.name: 'Windows 10', os.arch: 'amd64', os.version: '10.0', java.version: '1.8.0_171'
Driver info: driver.version: ChromeDriver
remote stacktrace: Backtrace:
Ordinal0 [0x009CEB13+1501971]
Ordinal0 [0x0094F6D1+980689]
Ordinal0 [0x008D765F+489055]
Ordinal0 [0x0086F2F4+62196]
Ordinal0 [0x0086BCDA+48346]
Ordinal0 [0x00889800+169984]
Ordinal0 [0x0088942D+169005]
Ordinal0 [0x008878EB+162027]
Ordinal0 [0x00870AC7+68295]
Ordinal0 [0x00871B40+72512]
Ordinal0 [0x00871AD9+72409]
Ordinal0 [0x00968F37+1085239]
GetHandleVerifier [0x00A6D7ED+503293]
GetHandleVerifier [0x00A6D580+502672]
GetHandleVerifier [0x00A746AC+531644]
GetHandleVerifier [0x00A6DFFA+505354]
Ordinal0 [0x00960606+1050118]
Ordinal0 [0x0096047F+1049727]
Ordinal0 [0x0096AF9B+1093531]
Ordinal0 [0x0096B103+1093891]
Ordinal0 [0x0096A095+1089685]
BaseThreadInitThunk [0x76ADFA29+25]
RtlGetAppContainerNamedObjectPath [0x774875F4+228]
RtlGetAppContainerNamedObjectPath [0x774875C4+180]

at sun.reflect.NativeConstructorAccessorImpl.newInstance0(Native Method)
at sun.reflect.NativeConstructorAccessorImpl.newInstance(Unknown Source)
at sun.reflect.DelegatingConstructorAccessorImpl.newInstance(Unknown Source)
at java.lang.reflect.Constructor.newInstance(Unknown Source)
at org.openqa.selenium.remote.W3CHandshakeResponse.lambda$errorHandler$0(W3CHandshakeResponse.java:62)
at org.openqa.selenium.remote.HandshakeResponse.lambda$getResponseFunction$0(HandshakeResponse.java:30)
at org.openqa.selenium.remote.ProtocolHandshake.lambda$createSession$0(ProtocolHandshake.java:126)
at java.util.stream.ReferencePipeline$3$1.accept(Unknown Source)
at java.util.Spliterators$ArraySpliterator.tryAdvance(Unknown Source)
at java.util.stream.ReferencePipeline.forEachWithCancel(Unknown Source)
at java.util.stream.AbstractPipeline.copyIntoWithCancel(Unknown Source)
at java.util.stream.AbstractPipeline.copyInto(Unknown Source)
at java.util.stream.AbstractPipeline.wrapAndCopyInto(Unknown Source)
at java.util.stream.FindOps$FindOp.evaluateSequential(Unknown Source)
at java.util.stream.AbstractPipeline.evaluate(Unknown Source)
at java.util.stream.ReferencePipeline.findFirst(Unknown Source)
at org.openqa.selenium.remote.ProtocolHandshake.createSession(ProtocolHandshake.java:128)
at org.openqa.selenium.remote.ProtocolHandshake.createSession(ProtocolHandshake.java:74)
at org.openqa.selenium.remote.HttpCommandExecutor.execute(HttpCommandExecutor.java:136)
at org.openqa.selenium.remote.service.DriverCommandExecutor.execute(DriverCommandExecutor.java:83)
at org.openqa.selenium.remote.RemoteWebDriver.execute(RemoteWebDriver.java:552)
at org.openqa.selenium.remote.RemoteWebDriver.startSession(RemoteWebDriver.java:213)
at org.openqa.selenium.remote.RemoteWebDriver.<init>(RemoteWebDriver.java:131)
at org.openqa.selenium.chrome.ChromeDriver.<init>(ChromeDriver.java:181)
at org.openqa.selenium.chrome.ChromeDriver.<init>(ChromeDriver.java:168)
at org.openqa.selenium.chrome.ChromeDriver.<init>(ChromeDriver.java:123)
at passingDataToDataProviderFromExcelSheet.ReadExcelDataProvider.test(ReadExcelDataProvider.java:28)
at sun.reflect.NativeMethodAccessorImpl.invoke0(Native Method)
at sun.reflect.NativeMethodAccessorImpl.invoke(Unknown Source)
at sun.reflect.DelegatingMethodAccessorImpl.invoke(Unknown Source)
at java.lang.reflect.Method.invoke(Unknown Source)
at org.testng.internal.MethodInvocationHelper.invokeMethod(MethodInvocationHelper.java:124)
at org.testng.internal.Invoker.invokeMethod(Invoker.java:583)
at org.testng.internal.Invoker.invokeTestMethod(Invoker.java:719)
at org.testng.internal.Invoker.invokeTestMethods(Invoker.java:989)
at org.testng.internal.TestMethodWorker.invokeTestMethods(TestMethodWorker.java:125)
at org.testng.internal.TestMethodWorker.run(TestMethodWorker.java:109)
at org.testng.TestRunner.privateRun(TestRunner.java:648)
at org.testng.TestRunner.run(TestRunner.java:505)
at org.testng.SuiteRunner.runTest(SuiteRunner.java:455)
at org.testng.SuiteRunner.runSequentially(SuiteRunner.java:450)
at org.testng.SuiteRunner.privateRun(SuiteRunner.java:415)
at org.testng.SuiteRunner.run(SuiteRunner.java:364)
at org.testng.SuiteRunnerWorker.runSuite(SuiteRunnerWorker.java:52)
at org.testng.SuiteRunnerWorker.run(SuiteRunnerWorker.java:84)
at org.testng.TestNG.runSuitesSequentially(TestNG.java:1208)
at org.testng.TestNG.runSuitesLocally(TestNG.java:1137)
at org.testng.TestNG.runSuites(TestNG.java:1049)
at org.testng.TestNG.run(TestNG.java:1017)
at org.testng.remote.AbstractRemoteTestNG.run(AbstractRemoteTestNG.java:115)
at org.testng.remote.RemoteTestNG.initAndRun(RemoteTestNG.java:251)
at org.testng.remote.RemoteTestNG.main(RemoteTestNG.java:77)
]]>
    </error>
  </testcase> <!-- test -->
  <testcase name="test" time="2.289" classname="passingDataToDataProviderFromExcelSheet.ReadExcelDataProvider">
    <error type="org.openqa.selenium.SessionNotCreatedException" message="session not created: This version of ChromeDriver only supports Chrome version 77
Build info: version: &#039;3.141.59&#039;, revision: &#039;e82be7d358&#039;, time: &#039;2018-11-14T08:25:48&#039;
System info: host: &#039;K-ASHIK-L1&#039;, ip: &#039;169.254.27.117&#039;, os.name: &#039;Windows 10&#039;, os.arch: &#039;amd64&#039;, os.version: &#039;10.0&#039;, java.version: &#039;1.8.0_171&#039;
Driver info: driver.version: ChromeDriver
remote stacktrace: Backtrace:
	Ordinal0 [0x009CEB13+1501971]
	Ordinal0 [0x0094F6D1+980689]
	Ordinal0 [0x008D765F+489055]
	Ordinal0 [0x0086F2F4+62196]
	Ordinal0 [0x0086BCDA+48346]
	Ordinal0 [0x00889800+169984]
	Ordinal0 [0x0088942D+169005]
	Ordinal0 [0x008878EB+162027]
	Ordinal0 [0x00870AC7+68295]
	Ordinal0 [0x00871B40+72512]
	Ordinal0 [0x00871AD9+72409]
	Ordinal0 [0x00968F37+1085239]
	GetHandleVerifier [0x00A6D7ED+503293]
	GetHandleVerifier [0x00A6D580+502672]
	GetHandleVerifier [0x00A746AC+531644]
	GetHandleVerifier [0x00A6DFFA+505354]
	Ordinal0 [0x00960606+1050118]
	Ordinal0 [0x0096047F+1049727]
	Ordinal0 [0x0096AF9B+1093531]
	Ordinal0 [0x0096B103+1093891]
	Ordinal0 [0x0096A095+1089685]
	BaseThreadInitThunk [0x76ADFA29+25]
	RtlGetAppContainerNamedObjectPath [0x774875F4+228]
	RtlGetAppContainerNamedObjectPath [0x774875C4+180]
">
      <![CDATA[org.openqa.selenium.SessionNotCreatedException: session not created: This version of ChromeDriver only supports Chrome version 77
Build info: version: '3.141.59', revision: 'e82be7d358', time: '2018-11-14T08:25:48'
System info: host: 'K-ASHIK-L1', ip: '169.254.27.117', os.name: 'Windows 10', os.arch: 'amd64', os.version: '10.0', java.version: '1.8.0_171'
Driver info: driver.version: ChromeDriver
remote stacktrace: Backtrace:
Ordinal0 [0x009CEB13+1501971]
Ordinal0 [0x0094F6D1+980689]
Ordinal0 [0x008D765F+489055]
Ordinal0 [0x0086F2F4+62196]
Ordinal0 [0x0086BCDA+48346]
Ordinal0 [0x00889800+169984]
Ordinal0 [0x0088942D+169005]
Ordinal0 [0x008878EB+162027]
Ordinal0 [0x00870AC7+68295]
Ordinal0 [0x00871B40+72512]
Ordinal0 [0x00871AD9+72409]
Ordinal0 [0x00968F37+1085239]
GetHandleVerifier [0x00A6D7ED+503293]
GetHandleVerifier [0x00A6D580+502672]
GetHandleVerifier [0x00A746AC+531644]
GetHandleVerifier [0x00A6DFFA+505354]
Ordinal0 [0x00960606+1050118]
Ordinal0 [0x0096047F+1049727]
Ordinal0 [0x0096AF9B+1093531]
Ordinal0 [0x0096B103+1093891]
Ordinal0 [0x0096A095+1089685]
BaseThreadInitThunk [0x76ADFA29+25]
RtlGetAppContainerNamedObjectPath [0x774875F4+228]
RtlGetAppContainerNamedObjectPath [0x774875C4+180]

at sun.reflect.NativeConstructorAccessorImpl.newInstance0(Native Method)
at sun.reflect.NativeConstructorAccessorImpl.newInstance(Unknown Source)
at sun.reflect.DelegatingConstructorAccessorImpl.newInstance(Unknown Source)
at java.lang.reflect.Constructor.newInstance(Unknown Source)
at org.openqa.selenium.remote.W3CHandshakeResponse.lambda$errorHandler$0(W3CHandshakeResponse.java:62)
at org.openqa.selenium.remote.HandshakeResponse.lambda$getResponseFunction$0(HandshakeResponse.java:30)
at org.openqa.selenium.remote.ProtocolHandshake.lambda$createSession$0(ProtocolHandshake.java:126)
at java.util.stream.ReferencePipeline$3$1.accept(Unknown Source)
at java.util.Spliterators$ArraySpliterator.tryAdvance(Unknown Source)
at java.util.stream.ReferencePipeline.forEachWithCancel(Unknown Source)
at java.util.stream.AbstractPipeline.copyIntoWithCancel(Unknown Source)
at java.util.stream.AbstractPipeline.copyInto(Unknown Source)
at java.util.stream.AbstractPipeline.wrapAndCopyInto(Unknown Source)
at java.util.stream.FindOps$FindOp.evaluateSequential(Unknown Source)
at java.util.stream.AbstractPipeline.evaluate(Unknown Source)
at java.util.stream.ReferencePipeline.findFirst(Unknown Source)
at org.openqa.selenium.remote.ProtocolHandshake.createSession(ProtocolHandshake.java:128)
at org.openqa.selenium.remote.ProtocolHandshake.createSession(ProtocolHandshake.java:74)
at org.openqa.selenium.remote.HttpCommandExecutor.execute(HttpCommandExecutor.java:136)
at org.openqa.selenium.remote.service.DriverCommandExecutor.execute(DriverCommandExecutor.java:83)
at org.openqa.selenium.remote.RemoteWebDriver.execute(RemoteWebDriver.java:552)
at org.openqa.selenium.remote.RemoteWebDriver.startSession(RemoteWebDriver.java:213)
at org.openqa.selenium.remote.RemoteWebDriver.<init>(RemoteWebDriver.java:131)
at org.openqa.selenium.chrome.ChromeDriver.<init>(ChromeDriver.java:181)
at org.openqa.selenium.chrome.ChromeDriver.<init>(ChromeDriver.java:168)
at org.openqa.selenium.chrome.ChromeDriver.<init>(ChromeDriver.java:123)
at passingDataToDataProviderFromExcelSheet.ReadExcelDataProvider.test(ReadExcelDataProvider.java:28)
at sun.reflect.NativeMethodAccessorImpl.invoke0(Native Method)
at sun.reflect.NativeMethodAccessorImpl.invoke(Unknown Source)
at sun.reflect.DelegatingMethodAccessorImpl.invoke(Unknown Source)
at java.lang.reflect.Method.invoke(Unknown Source)
at org.testng.internal.MethodInvocationHelper.invokeMethod(MethodInvocationHelper.java:124)
at org.testng.internal.Invoker.invokeMethod(Invoker.java:583)
at org.testng.internal.Invoker.invokeTestMethod(Invoker.java:719)
at org.testng.internal.Invoker.invokeTestMethods(Invoker.java:989)
at org.testng.internal.TestMethodWorker.invokeTestMethods(TestMethodWorker.java:125)
at org.testng.internal.TestMethodWorker.run(TestMethodWorker.java:109)
at org.testng.TestRunner.privateRun(TestRunner.java:648)
at org.testng.TestRunner.run(TestRunner.java:505)
at org.testng.SuiteRunner.runTest(SuiteRunner.java:455)
at org.testng.SuiteRunner.runSequentially(SuiteRunner.java:450)
at org.testng.SuiteRunner.privateRun(SuiteRunner.java:415)
at org.testng.SuiteRunner.run(SuiteRunner.java:364)
at org.testng.SuiteRunnerWorker.runSuite(SuiteRunnerWorker.java:52)
at org.testng.SuiteRunnerWorker.run(SuiteRunnerWorker.java:84)
at org.testng.TestNG.runSuitesSequentially(TestNG.java:1208)
at org.testng.TestNG.runSuitesLocally(TestNG.java:1137)
at org.testng.TestNG.runSuites(TestNG.java:1049)
at org.testng.TestNG.run(TestNG.java:1017)
at org.testng.remote.AbstractRemoteTestNG.run(AbstractRemoteTestNG.java:115)
at org.testng.remote.RemoteTestNG.initAndRun(RemoteTestNG.java:251)
at org.testng.remote.RemoteTestNG.main(RemoteTestNG.java:77)
]]>
    </error>
  </testcase> <!-- test -->
</testsuite> <!-- passingDataToDataProviderFromExcelSheet.ReadExcelDataProvider -->
